<?xml version="1.0" encoding="UTF-8"?>
<testng-results skipped="0" failed="0" ignored="0" total="1" passed="1">
  <reporter-output>
  </reporter-output>
  <suite name="Default suite" duration-ms="28664" started-at="2021-01-04T12:14:50 IST" finished-at="2021-01-04T12:15:19 IST">
    <groups>
    </groups>
    <test name="Default test" duration-ms="28664" started-at="2021-01-04T12:14:50 IST" finished-at="2021-01-04T12:15:19 IST">
      <class name="TC.LoginTC">
        <test-method status="PASS" signature="loginTC()[pri:0, instance:TC.LoginTC@aa12dd]" name="loginTC" duration-ms="28583" started-at="2021-01-04T12:14:50 IST" finished-at="2021-01-04T12:15:19 IST">
          <reporter-output>
          </reporter-output>
        </test-method> <!-- loginTC -->
      </class> <!-- TC.LoginTC -->
    </test> <!-- Default test -->
  </suite> <!-- Default suite -->
</testng-results>
